Run main1()
EventLoop.run(entry_point=<function main1 at 0x00000196DEC84D08>, args=(('127.0.0.1', 53210),)
EventLoop._execute(callback=<function main1 at 0x00000196DEC84D08>, args=(('127.0.0.1', 53210),)
EventLoopunwind(gen=<generator object main1 at 0x00000196DEBBBB10>, ok=<function EventLoop._execute.<locals>.<lambda> at 0x00000196DEC84D90>, fail=<function EventLoop._execute.<locals>.<lambda> at 0x00000196DEC84E18>, ret=None, method=send)
EventLoop.set_timer(duration=50000000.0)
EventLoop.__init__()
EventLoop.register_timer(tick=1.6563445042838706e+16, callback=<function EventLoop.set_timer.<locals>.<lambda> at 0x00000196DEC84F28>)
EventLoopunwind(gen=<generator object print_balance at 0x00000196DEBBBCF0>, ok=<function wait_all.<locals>._resolve_single.<locals>._do_resolve at 0x00000196DEC8E1E0>, fail=<function unwind.<locals>.<lambda> at 0x00000196DEC8E0D0>, ret=None, method=send)
EventLoopunwind(gen=<generator object get_user_balance at 0x00000196DEC8C228>, ok=<function unwind.<locals>.<lambda> at 0x00000196DEC8E268>, fail=<function unwind.<locals>.<lambda> at 0x00000196DEC8E2F0>, ret=None, method=send)
EventLoop.set_timer(duration=8290000.0)
EventLoop.__init__()
EventLoop.register_timer(tick=1.6563445001128706e+16, callback=<function EventLoop.set_timer.<locals>.<lambda> at 0x00000196DEC8E378>)
EventLoopunwind(gen=<generator object print_balance at 0x00000196DEBBBF48>, ok=<function wait_all.<locals>._resolve_single.<locals>._do_resolve at 0x00000196DEC8E510>, fail=<function unwind.<locals>.<lambda> at 0x00000196DEC8E0D0>, ret=None, method=send)
EventLoopunwind(gen=<generator object get_user_balance at 0x00000196DEC8C2A0>, ok=<function unwind.<locals>.<lambda> at 0x00000196DEC8E598>, fail=<function unwind.<locals>.<lambda> at 0x00000196DEC8E620>, ret=None, method=send)
EventLoop.set_timer(duration=3490000.0)
EventLoop.__init__()
EventLoop.register_timer(tick=1.6563444996338704e+16, callback=<function EventLoop.set_timer.<locals>.<lambda> at 0x00000196DEC8E6A8>)
EventLoopunwind(gen=<generator object print_balance at 0x00000196DEBBBD68>, ok=<function wait_all.<locals>._resolve_single.<locals>._do_resolve at 0x00000196DEC8E840>, fail=<function unwind.<locals>.<lambda> at 0x00000196DEC8E0D0>, ret=None, method=send)
EventLoopunwind(gen=<generator object get_user_balance at 0x00000196DEC8C318>, ok=<function unwind.<locals>.<lambda> at 0x00000196DEC8E8C8>, fail=<function unwind.<locals>.<lambda> at 0x00000196DEC8E950>, ret=None, method=send)
EventLoop.set_timer(duration=3460000.0)
EventLoop.__init__()